[debug] Running TaskDef(FirstTest, org.scalatest.tools.Framework$$anon$1@49808924, false, [SuiteSelector])
[info] FirstTest:
[info] - 2 + 2 = 5 *** FAILED ***
[info]   4 did not equal 5 (FirstTest.scala:9)
[info] - 1 + 1 = 2
[info] - plouf !!! IGNORED !!!
[info] Run completed in 174 milliseconds.
[info] Total number of tests run: 2
[info] Suites: completed 1, aborted 0
[info] Tests: succeeded 1, failed 1, canceled 0, ignored 1, pending 0
[info] *** 1 TEST FAILED ***
[error] Failed tests:
[error] 	FirstTest
[error] (Test / test) sbt.TestsFailedException: Tests unsuccessful
